0 info it worked if it ends with ok
1 verbose cli [ 'C:\\Program Files (x86)\\nodejs\\\\node.exe',
1 verbose cli   'C:\\Program Files (x86)\\nodejs\\node_modules\\npm\\bin\\npm-cli.js',
1 verbose cli   'install',
1 verbose cli   '-g',
1 verbose cli   '@angular/cli' ]
2 info using npm@2.7.4
3 info using node@v0.12.2
4 verbose node symlink C:\Program Files (x86)\nodejs\\node.exe
5 silly cache add args [ '@angular/cli', null ]
6 verbose cache add spec @angular/cli
7 silly cache add parsed spec { raw: '@angular/cli',
7 silly cache add   scope: '@angular',
7 silly cache add   name: '@angular/cli',
7 silly cache add   rawSpec: '',
7 silly cache add   spec: '*',
7 silly cache add   type: 'range' }
8 verbose addNamed @angular/cli@*
9 silly addNamed semver.valid null
10 silly addNamed semver.validRange *
11 silly addNameRange { name: '@angular/cli', range: '*', hasData: false }
12 silly mapToRegistry name @angular/cli
13 silly mapToRegistry scope (from package name) @angular
14 verbose mapToRegistry no registry URL found in name for scope @angular
15 silly mapToRegistry using default registry
16 silly mapToRegistry registry https://registry.npmjs.org/
17 silly mapToRegistry uri https://registry.npmjs.org/@angular%2fcli
18 verbose addNameRange registry:https://registry.npmjs.org/@angular%2fcli not in flight; fetching
19 verbose request uri https://registry.npmjs.org/@angular%2fcli
20 verbose request no auth needed
21 info attempt registry request try #1 at 5:34:50 PM
22 verbose request id b2b7bb746e2ae06a
23 verbose etag W/"f8442b8e75d9af99ee01792a49dc1d0d"
24 verbose lastModified Thu, 28 Nov 2019 00:01:39 GMT
25 http request GET https://registry.npmjs.org/@angular%2fcli
26 http 304 https://registry.npmjs.org/@angular%2fcli
27 silly get cb [ 304,
27 silly get   { date: 'Wed, 04 Dec 2019 23:34:50 GMT',
27 silly get     connection: 'keep-alive',
27 silly get     'set-cookie': [ '__cfduid=da4e8c207312fff72615659a948b32e741575502490; expires=Fri, 03-Jan-20 23:34:50 GMT; path=/; domain=.npmjs.org; HttpOnly' ],
27 silly get     'cf-ray': '540197e6bbfc9f09-ORD',
27 silly get     'cf-cache-status': 'HIT',
27 silly get     'cache-control': 'public, max-age=300',
27 silly get     age: '6292',
27 silly get     etag: '"f8442b8e75d9af99ee01792a49dc1d0d"',
27 silly get     'last-modified': 'Thu, 28 Nov 2019 00:01:39 GMT',
27 silly get     vary: 'Accept-Encoding',
27 silly get     'expect-ct': 'max-age=604800, report-uri="https://report-uri.cloudflare.com/cdn-cgi/beacon/expect-ct"',
27 silly get     server: 'cloudflare' } ]
28 verbose etag https://registry.npmjs.org/@angular%2fcli from cache
29 verbose get saving @angular/cli to C:\Users\jzavala\AppData\Roaming\npm-cache\registry.npmjs.org\_40angular_252fcli\.cache.json
30 silly addNameRange number 2 { name: '@angular/cli', range: '*', hasData: true }
31 silly addNameRange versions [ '@angular/cli',
31 silly addNameRange   [ '1.0.0-beta.28.3',
31 silly addNameRange     '1.0.0-beta.29',
31 silly addNameRange     '1.0.0-beta.30',
31 silly addNameRange     '1.0.0-beta.31',
31 silly addNameRange     '1.0.0-beta.32',
31 silly addNameRange     '1.0.0-beta.32.2',
31 silly addNameRange     '1.0.0-beta.32.3',
31 silly addNameRange     '1.0.0-beta.33',
31 silly addNameRange     '1.0.0-beta.33.1',
31 silly addNameRange     '1.0.0-rc.0',
31 silly addNameRange     '1.0.0-rc.1',
31 silly addNameRange     '1.0.0-rc.2',
31 silly addNameRange     '1.0.0-rc.3',
31 silly addNameRange     '1.0.0-rc.4',
31 silly addNameRange     '1.0.0',
31 silly addNameRange     '1.0.1',
31 silly addNameRange     '1.0.2',
31 silly addNameRange     '1.1.0-beta.0',
31 silly addNameRange     '1.0.3',
31 silly addNameRange     '1.1.0-beta.1',
31 silly addNameRange     '1.1.0-rc.0',
31 silly addNameRange     '1.0.4',
31 silly addNameRange     '1.0.5',
31 silly addNameRange     '1.1.0-rc.1',
31 silly addNameRange     '1.0.6',
31 silly addNameRange     '1.1.0-rc.2',
31 silly addNameRange     '1.1.0',
31 silly addNameRange     '1.2.0-beta.0',
31 silly addNameRange     '1.1.1',
31 silly addNameRange     '1.2.0-beta.1',
31 silly addNameRange     '1.1.2',
31 silly addNameRange     '1.2.0-rc.0',
31 silly addNameRange     '1.1.3',
31 silly addNameRange     '1.2.0-rc.1',
31 silly addNameRange     '1.2.0',
31 silly addNameRange     '1.3.0-beta.0',
31 silly addNameRange     '1.2.1',
31 silly addNameRange     '1.3.0-beta.1',
31 silly addNameRange     '1.2.2',
31 silly addNameRange     '1.2.3',
31 silly addNameRange     '1.3.0-rc.0',
31 silly addNameRange     '1.2.4',
31 silly addNameRange     '1.3.0-rc.1',
31 silly addNameRange     '1.2.5',
31 silly addNameRange     '1.3.0-rc.2',
31 silly addNameRange     '1.2.6',
31 silly addNameRange     '1.3.0-rc.3',
31 silly addNameRange     '1.2.7',
31 silly addNameRange     '1.3.0-rc.4',
31 silly addNameRange     '1.3.0-rc.5',
31 silly addNameRange     '1.2.8',
31 silly addNameRange     '1.3.0',
31 silly addNameRange     '1.4.0-beta.0',
31 silly addNameRange     '1.3.1',
31 silly addNameRange     '1.4.0-beta.1',
31 silly addNameRange     '1.4.0-beta.2',
31 silly addNameRange     '1.3.2',
31 silly addNameRange     '1.4.0-rc.0',
31 silly addNameRange     '1.4.0-rc.1',
31 silly addNameRange     '1.4.0-rc.2',
31 silly addNameRange     '1.4.0',
31 silly addNameRange     '1.4.1',
31 silly addNameRange     '1.5.0-beta.0',
31 silly addNameRange     '1.4.2',
31 silly addNameRange     '1.4.3',
31 silly addNameRange     '1.5.0-beta.1',
31 silly addNameRange     '1.4.4',
31 silly addNameRange     '1.5.0-beta.2',
31 silly addNameRange     '1.5.0-beta.3',
31 silly addNameRange     '1.4.5',
31 silly addNameRange     '1.5.0-beta.4',
31 silly addNameRange     '1.4.6',
31 silly addNameRange     '1.4.7',
31 silly addNameRange     '1.5.0-rc.0',
31 silly addNameRange     '1.4.8',
31 silly addNameRange     '1.5.0-rc.1',
31 silly addNameRange     '1.4.9',
31 silly addNameRange     '1.5.0-rc.2',
31 silly addNameRange     '1.5.0-rc.3',
31 silly addNameRange     '1.5.0-rc.4',
31 silly addNameRange     '1.5.0-rc.5',
31 silly addNameRange     '1.5.0-rc.6',
31 silly addNameRange     '1.5.0-rc.7',
31 silly addNameRange     '1.5.0-rc.8',
31 silly addNameRange     '1.5.0',
31 silly addNameRange     '1.6.0-beta.0',
31 silly addNameRange     '1.5.1',
31 silly addNameRange     '1.6.0-beta.1',
31 silly addNameRange     '1.6.0-beta.2',
31 silly addNameRange     '1.5.2',
31 silly addNameRange     '1.5.3',
31 silly addNameRange     '1.5.4',
31 silly addNameRange     '1.6.0-rc.0',
31 silly addNameRange     '1.5.5',
31 silly addNameRange     '1.6.0-rc.1',
31 silly addNameRange     '1.6.0-rc.2',
31 silly addNameRange     '1.6.0',
31 silly addNameRange     '1.6.1',
31 silly addNameRange     '1.6.2',
31 silly addNameRange     '1.6.3',
31 silly addNameRange     '1.6.4',
31 silly addNameRange     '1.7.0-beta.0',
31 silly addNameRange     '1.5.6',
31 silly addNameRange     '1.4.10',
31 silly addNameRange     '1.6.5',
31 silly addNameRange     '1.7.0-beta.1',
31 silly addNameRange     '1.7.0-beta.2',
31 silly addNameRange     '1.6.6',
31 silly addNameRange     '1.6.7',
31 silly addNameRange     '1.7.0-beta.3',
31 silly addNameRange     '1.6.8',
31 silly addNameRange     '1.7.0-rc.0',
31 silly addNameRange     '1.7.0',
31 silly addNameRange     '6.0.0-beta.2',
31 silly addNameRange     '1.7.1',
31 silly addNameRange     '6.0.0-beta.3',
31 silly addNameRange     '1.7.2',
31 silly addNameRange     '6.0.0-beta.4',
31 silly addNameRange     '1.7.3',
31 silly addNameRange     '6.0.0-beta.5',
31 silly addNameRange     '6.0.0-beta.6',
31 silly addNameRange     '6.0.0-beta.7',
31 silly addNameRange     '6.0.0-beta.8',
31 silly addNameRange     '6.0.0-beta.9',
31 silly addNameRange     '6.0.0-rc.0',
31 silly addNameRange     '6.0.0-rc.1',
31 silly addNameRange     '1.7.4',
31 silly addNameRange     '6.0.0-rc.2',
31 silly addNameRange     '6.0.0-rc.3',
31 silly addNameRange     '6.0.0-rc.4',
31 silly addNameRange     '6.0.0-rc.5',
31 silly addNameRange     '6.0.0-rc.6',
31 silly addNameRange     '6.0.0-rc.7',
31 silly addNameRange     '6.0.0-rc.8',
31 silly addNameRange     '6.0.0-rc.9',
31 silly addNameRange     '6.0.0-rc.10',
31 silly addNameRange     '6.0.0',
31 silly addNameRange     '6.0.1',
31 silly addNameRange     '6.0.2',
31 silly addNameRange     '6.0.3',
31 silly addNameRange     '6.0.4',
31 silly addNameRange     '6.0.5',
31 silly addNameRange     '6.0.7',
31 silly addNameRange     '6.1.0-beta.0',
31 silly addNameRange     '6.0.8',
31 silly addNameRange     '6.1.0-beta.2',
31 silly addNameRange     '6.1.0-rc.0',
31 silly addNameRange     '6.1.0-rc.1',
31 silly addNameRange     '6.1.0-rc.2',
31 silly addNameRange     '6.1.0-rc.3',
31 silly addNameRange     '6.1.0',
31 silly addNameRange     '6.1.1',
31 silly addNameRange     '6.1.2',
31 silly addNameRange     '6.2.0-beta.0',
31 silly addNameRange     '6.2.0-beta.1',
31 silly addNameRange     '6.1.3',
31 silly addNameRange     '6.2.0-beta.2',
31 silly addNameRange     '6.2.0-beta.3',
31 silly addNameRange     '6.1.4',
31 silly addNameRange     '6.1.5',
31 silly addNameRange     '6.2.0-rc.0',
31 silly addNameRange     '6.2.0-rc.1',
31 silly addNameRange     '6.2.0',
31 silly addNameRange     '6.2.1',
31 silly addNameRange     '7.0.0-beta.0',
31 silly addNameRange     '7.0.0-beta.1',
31 silly addNameRange     '7.0.0-beta.2',
31 silly addNameRange     '6.2.2',
31 silly addNameRange     '7.0.0-beta.3',
31 silly addNameRange     '6.2.3',
31 silly addNameRange     '7.0.0-beta.4',
31 silly addNameRange     '7.0.0-rc.0',
31 silly addNameRange     '6.2.4',
31 silly addNameRange     '7.0.0-rc.1',
31 silly addNameRange     '7.0.0-rc.2',
31 silly addNameRange     '7.0.0-rc.3',
31 silly addNameRange     '6.2.5',
31 silly addNameRange     '7.0.1',
31 silly addNameRange     '7.0.2',
31 silly addNameRange     '6.2.6',
31 silly addNameRange     '7.0.3',
31 silly addNameRange     '7.0.4',
31 silly addNameRange     '7.1.0-beta.0',
31 silly addNameRange     '6.2.7',
31 silly addNameRange     '7.1.0-beta.1',
31 silly addNameRange     '7.0.5',
31 silly addNameRange     '7.0.6',
31 silly addNameRange     '7.1.0-rc.0',
31 silly addNameRange     '7.0.7',
31 silly addNameRange     '7.1.0',
31 silly addNameRange     '6.2.8',
31 silly addNameRange     '7.2.0-beta.0',
31 silly addNameRange     '7.1.1',
31 silly addNameRange     '7.1.2',
31 silly addNameRange     '7.2.0-beta.1',
31 silly addNameRange     '7.1.3',
31 silly addNameRange     '7.2.0-beta.2',
31 silly addNameRange     '7.1.4',
31 silly addNameRange     '7.2.0-rc.0',
31 silly addNameRange     '6.2.9',
31 silly addNameRange     '7.2.0',
31 silly addNameRange     '7.2.1',
31 silly addNameRange     '7.3.0-beta.0',
31 silly addNameRange     '7.2.2',
31 silly addNameRange     '7.2.3',
31 silly addNameRange     '7.3.0-rc.0',
31 silly addNameRange     '7.2.4',
31 silly addNameRange     '7.3.0',
31 silly addNameRange     '8.0.0-beta.0',
31 silly addNameRange     '7.3.1',
31 silly addNameRange     '7.3.2',
31 silly addNameRange     '8.0.0-beta.1',
31 silly addNameRange     '7.3.3',
31 silly addNameRange     '8.0.0-beta.2',
31 silly addNameRange     '8.0.0-beta.4',
31 silly addNameRange     '7.3.4',
31 silly addNameRange     '8.0.0-beta.5',
31 silly addNameRange     '7.3.5',
31 silly addNameRange     '8.0.0-beta.6',
31 silly addNameRange     '7.3.6',
31 silly addNameRange     '8.0.0-beta.7',
31 silly addNameRange     '8.0.0-beta.8',
31 silly addNameRange     '8.0.0-beta.9',
31 silly addNameRange     '7.3.7',
31 silly addNameRange     '8.0.0-beta.10',
31 silly addNameRange     '7.3.8',
31 silly addNameRange     '8.0.0-beta.11',
31 silly addNameRange     '8.0.0-beta.12',
31 silly addNameRange     '8.0.0-beta.13',
31 silly addNameRange     '8.0.0-beta.14',
31 silly addNameRange     '8.0.0-beta.15',
31 silly addNameRange     '8.0.0-beta.16',
31 silly addNameRange     '8.0.0-beta.17',
31 silly addNameRange     '8.0.0-beta.18',
31 silly addNameRange     '8.0.0-rc.0',
31 silly addNameRange     '8.0.0-rc.1',
31 silly addNameRange     '8.0.0-rc.2',
31 silly addNameRange     '7.3.9',
31 silly addNameRange     '8.0.0-rc.3',
31 silly addNameRange     '8.0.0-rc.4',
31 silly addNameRange     '8.0.0',
31 silly addNameRange     '8.0.1',
31 silly addNameRange     '8.0.2',
31 silly addNameRange     '8.0.3',
31 silly addNameRange     '8.1.0-beta.0',
31 silly addNameRange     '8.1.0-beta.1',
31 silly addNameRange     '8.1.0-beta.2',
31 silly addNameRange     '8.0.4',
31 silly addNameRange     '8.1.0-beta.3',
31 silly addNameRange     '8.1.0-rc.0',
31 silly addNameRange     '8.0.5',
31 silly addNameRange     '8.0.6',
31 silly addNameRange     '8.1.0',
31 silly addNameRange     '8.1.1',
31 silly addNameRange     '8.2.0-next.0',
31 silly addNameRange     '8.1.2',
31 silly addNameRange     '8.2.0-next.1',
31 silly addNameRange     '8.2.0-rc.0',
31 silly addNameRange     '8.1.3',
31 silly addNameRange     '8.3.0-next.0',
31 silly addNameRange     '8.2.0',
31 silly addNameRange     '8.2.1',
31 silly addNameRange     '8.3.0-next.1',
31 silly addNameRange     '8.3.0-next.2',
31 silly addNameRange     '8.2.2',
31 silly addNameRange     '8.3.0-rc.0',
31 silly addNameRange     '8.3.0',
31 silly addNameRange     '9.0.0-next.0',
31 silly addNameRange     '9.0.0-next.1',
31 silly addNameRange     '8.3.1',
31 silly addNameRange     '8.3.2',
31 silly addNameRange     '9.0.0-next.2',
31 silly addNameRange     '8.3.3',
31 silly addNameRange     '9.0.0-next.3',
31 silly addNameRange     '9.0.0-next.4',
31 silly addNameRange     '8.3.4',
31 silly addNameRange     '9.0.0-next.5',
31 silly addNameRange     '8.3.5',
31 silly addNameRange     '8.3.6',
31 silly addNameRange     '9.0.0-next.6',
31 silly addNameRange     '8.3.7',
31 silly addNameRange     '9.0.0-next.7',
31 silly addNameRange     '8.3.8',
31 silly addNameRange     '9.0.0-next.8',
31 silly addNameRange     '9.0.0-next.9',
31 silly addNameRange     '8.3.9',
31 silly addNameRange     '9.0.0-next.10',
31 silly addNameRange     '8.3.10',
31 silly addNameRange     '9.0.0-next.11',
31 silly addNameRange     '9.0.0-next.12',
31 silly addNameRange     '8.3.12',
31 silly addNameRange     '9.0.0-next.13',
31 silly addNameRange     '8.3.13',
31 silly addNameRange     '9.0.0-next.14',
31 silly addNameRange     '8.3.14',
31 silly addNameRange     '9.0.0-next.15',
31 silly addNameRange     '9.0.0-next.16',
31 silly addNameRange     '8.3.15',
31 silly addNameRange     '9.0.0-next.17',
31 silly addNameRange     '9.0.0-next.18',
31 silly addNameRange     '8.3.16',
31 silly addNameRange     '9.0.0-next.19',
31 silly addNameRange     '8.3.17',
31 silly addNameRange     '9.0.0-rc.0',
31 silly addNameRange     '9.0.0-rc.1',
31 silly addNameRange     '8.3.18',
31 silly addNameRange     '8.3.19',
31 silly addNameRange     '9.0.0-rc.2',
31 silly addNameRange     '9.0.0-rc.3',
31 silly addNameRange     '9.0.0-rc.4',
31 silly addNameRange     '8.3.20' ] ]
32 verbose addNamed @angular/cli@8.3.20
33 silly addNamed semver.valid 8.3.20
34 silly addNamed semver.validRange 8.3.20
35 silly cache afterAdd @angular/cli@8.3.20
36 verbose afterAdd C:\Users\jzavala\AppData\Roaming\npm-cache\@angular\cli\8.3.20\package\package.json not in flight; writing
37 verbose afterAdd C:\Users\jzavala\AppData\Roaming\npm-cache\@angular\cli\8.3.20\package\package.json written
38 silly install resolved [ { name: '@angular/cli',
38 silly install resolved     version: '8.3.20',
38 silly install resolved     description: 'CLI tool for Angular',
38 silly install resolved     main: 'lib/cli/index.js',
38 silly install resolved     bin: { ng: './bin/ng' },
38 silly install resolved     keywords:
38 silly install resolved      [ 'angular',
38 silly install resolved        'Angular CLI',
38 silly install resolved        'devkit',
38 silly install resolved        'sdk',
38 silly install resolved        'Angular DevKit',
38 silly install resolved        'angular-cli' ],
38 silly install resolved     scripts: { postinstall: 'node ./bin/postinstall/script.js' },
38 silly install resolved     repository:
38 silly install resolved      { type: 'git',
38 silly install resolved        url: 'git+https://github.com/angular/angular-cli.git' },
38 silly install resolved     author: { name: 'Angular Authors' },
38 silly install resolved     license: 'MIT',
38 silly install resolved     bugs: { url: 'https://github.com/angular/angular-cli/issues' },
38 silly install resolved     homepage: 'https://github.com/angular/angular-cli',
38 silly install resolved     dependencies:
38 silly install resolved      { '@angular-devkit/architect': '0.803.20',
38 silly install resolved        '@angular-devkit/core': '8.3.20',
38 silly install resolved        '@angular-devkit/schematics': '8.3.20',
38 silly install resolved        '@schematics/angular': '8.3.20',
38 silly install resolved        '@schematics/update': '0.803.20',
38 silly install resolved        '@yarnpkg/lockfile': '1.1.0',
38 silly install resolved        'ansi-colors': '4.1.1',
38 silly install resolved        debug: '^4.1.1',
38 silly install resolved        ini: '1.3.5',
38 silly install resolved        inquirer: '6.5.1',
38 silly install resolved        'npm-package-arg': '6.1.0',
38 silly install resolved        'npm-pick-manifest': '3.0.2',
38 silly install resolved        open: '6.4.0',
38 silly install resolved        pacote: '9.5.5',
38 silly install resolved        'read-package-tree': '5.3.1',
38 silly install resolved        rimraf: '3.0.0',
38 silly install resolved        semver: '6.3.0',
38 silly install resolved        'symbol-observable': '1.2.0',
38 silly install resolved        'universal-analytics': '^0.4.20',
38 silly install resolved        uuid: '^3.3.2' },
38 silly install resolved     'ng-update':
38 silly install resolved      { migrations: '@schematics/angular/migrations/migration-collection.json',
38 silly install resolved        packageGroup: [Object] },
38 silly install resolved     engines: { node: '>= 10.9.0', npm: '>= 6.2.0' },
38 silly install resolved     husky: { hooks: [Object] },
38 silly install resolved     _id: '@angular/cli@8.3.20',
38 silly install resolved     _nodeVersion: '10.15.3',
38 silly install resolved     _npmVersion: '6.13.1',
38 silly install resolved     dist:
38 silly install resolved      { integrity: 'sha512-bCo8zVFZ6iPc1EnHmVCmKvIcV7YkvalBKGNU7LtVHq6qZBI+ZmFtuyL5obKvFg1vJcminjKcY/UcMr9uGcAQrQ==',
38 silly install resolved        shasum: '63e8f626e7dcf37e73cda820ab38bcac13423326',
38 silly install resolved        tarball: 'https://registry.npmjs.org/@angular/cli/-/cli-8.3.20.tgz',
38 silly install resolved        fileCount: 165,
38 silly install resolved        unpackedSize: 378601,
38 silly install resolved        'npm-signature': '-----BEGIN PGP SIGNATURE-----\r\nVersion: OpenPGP.js v3.0.4\r\nComment: https://openpgpjs.org\r\n\r\nwsFcBAEBCAAQBQJd3w5eCRA9TVsSAnZWagAARwAP/1SFjSebzYmmgNoS0h0+\nQ8HEavjXVMI1/mJc3r1nvAfLtEFIdGrS15po9byEJ9I1vpaER4TV8Dua8Bu8\nl3VRuQDDjQrCPMlLjPbjnKaVPx1Vq/1Wvvlt2LYloXJMWJYODwwBji+pbCCw\nSHvoPkAs5U6QS8PsKMifLp7lmslcHo7tGf1m6FjdkObzSmwERvYHeYmJHZtu\n6BNd31Ao5nnAE5h/IlJxFimapm2wXUu9XVg4xTdSXAHIgKRY4qB81H13I2OE\ndXhEsWxoLsnkf2s16a2DLUy0wVHEdzpDwpYGOGt6Pq9jdrfng4ad5yL9cjiY\nRtJoC4otX0/qgxttZe4IpNXI/1dHMEXS27ghh+2/j5pAU3hmMi1Mg7VFOdDu\nke65I0y3iLAB1cxohSsnbeUGtALKTTpVi0uPTY6udV99sA2GyDke66WqVIDG\nmBkcngfha+UeIsjYN6iREsbjS46pYN1UWjxgaNbv7jFnioqP0NNgOh3pPHUa\ncig7l1zJeryS2tk1fz69eNqksP6btLrBiz2DFn3+SNr2tgwoDa10+cooQ2P1\n22b3FPAj5xw73QEEsoC8QBxEZfr5dfzUXllLR37J8Znd+LwSnfOFCnoFa/Cu\nS+1Yzcjjk+25QJCkC4I8HN8SxuWER/ANaSAB30CYrtB7E/RPzbCG/Jv/KnMJ\nH0K/\r\n=1miQ\r\n-----END PGP SIGNATURE-----\r\n' },
38 silly install resolved     maintainers: [ [Object], [Object], [Object] ],
38 silly install resolved     _npmUser: { name: 'angular', email: 'devops+npm@angular.io' },
38 silly install resolved     directories: {},
38 silly install resolved     _npmOperationalInternal:
38 silly install resolved      { host: 's3://npm-registry-packages',
38 silly install resolved        tmp: 'tmp/cli_8.3.20_1574899294324_0.7342722300610884' },
38 silly install resolved     _hasShrinkwrap: false,
38 silly install resolved     _shasum: '63e8f626e7dcf37e73cda820ab38bcac13423326',
38 silly install resolved     _resolved: 'https://registry.npmjs.org/@angular/cli/-/cli-8.3.20.tgz',
38 silly install resolved     _from: '@angular/cli@*',
38 silly install resolved     readme: 'ERROR: No README data found!' } ]
39 info install @angular/cli@8.3.20 into C:\Users\jzavala\AppData\Roaming\npm
40 info installOne @angular/cli@8.3.20
41 verbose installOne of @angular/cli to C:\Users\jzavala\AppData\Roaming\npm not in flight; installing
42 verbose lock using C:\Users\jzavala\AppData\Roaming\npm-cache\_locks\angular-cli-5e240ac958dc0692.lock for C:\Users\jzavala\AppData\Roaming\npm\node_modules\@angular\cli
43 warn engine @angular/cli@8.3.20: wanted: {"node":">= 10.9.0","npm":">= 6.2.0"} (current: {"node":"0.12.2","npm":"2.7.4"})
44 silly install write writing @angular/cli 8.3.20 to C:\Users\jzavala\AppData\Roaming\npm\node_modules\@angular\cli
45 silly cache addNamed cb @angular/cli@8.3.20
46 verbose unbuild node_modules\@angular\cli
47 info preuninstall @angular/cli@8.3.20
48 info uninstall @angular/cli@8.3.20
49 verbose unbuild rmStuff @angular/cli@8.3.20 from C:\Users\jzavala\AppData\Roaming\npm\node_modules
50 verbose unbuild rmStuff in C:\Users\jzavala\AppData\Roaming\npm\node_modules\@angular
51 silly gentlyRm C:\Users\jzavala\AppData\Roaming\npm\node_modules\@angular\.bin\ng.cmd is being gently removed
52 silly gentlyRm verifying C:\Users\jzavala\AppData\Roaming\npm is an npm working directory
53 silly gentlyRm containing path C:\Users\jzavala\AppData\Roaming\npm is under npm's control, in C:\Users\jzavala\AppData\Roaming\npm
54 silly gentlyRm deletion target C:\Users\jzavala\AppData\Roaming\npm\node_modules\@angular\.bin\ng.cmd is under C:\Users\jzavala\AppData\Roaming\npm
55 verbose gentlyRm vacuuming from C:\Users\jzavala\AppData\Roaming\npm\node_modules\@angular\.bin\ng.cmd up to C:\Users\jzavala\AppData\Roaming\npm
56 silly gentlyRm C:\Users\jzavala\AppData\Roaming\npm\node_modules\@angular\.bin\ng is being gently removed
57 silly gentlyRm verifying C:\Users\jzavala\AppData\Roaming\npm is an npm working directory
58 silly gentlyRm containing path C:\Users\jzavala\AppData\Roaming\npm is under npm's control, in C:\Users\jzavala\AppData\Roaming\npm
59 silly gentlyRm deletion target C:\Users\jzavala\AppData\Roaming\npm\node_modules\@angular\.bin\ng is under C:\Users\jzavala\AppData\Roaming\npm
60 verbose gentlyRm vacuuming from C:\Users\jzavala\AppData\Roaming\npm\node_modules\@angular\.bin\ng up to C:\Users\jzavala\AppData\Roaming\npm
61 info postuninstall @angular/cli@8.3.20
62 silly gentlyRm C:\Users\jzavala\AppData\Roaming\npm\node_modules\@angular\cli is being purged from base C:\Users\jzavala\AppData\Roaming\npm
63 verbose gentlyRm don't care about contents; nuking C:\Users\jzavala\AppData\Roaming\npm\node_modules\@angular\cli
64 silly vacuum-fs purging C:\Users\jzavala\AppData\Roaming\npm\node_modules\@angular\cli
65 verbose unlock done using C:\Users\jzavala\AppData\Roaming\npm-cache\_locks\angular-cli-5e240ac958dc0692.lock for C:\Users\jzavala\AppData\Roaming\npm\node_modules\@angular\cli
66 verbose stack Error: EPERM, unlink 'C:\Users\jzavala\AppData\Roaming\npm\node_modules\@angular\cli\node_modules\universal-analytics\node_modules\request\README.md'
66 verbose stack     at Error (native)
67 verbose cwd C:\Git\Repos\NetCoreExample
68 error Windows_NT 6.3.9600
69 error argv "C:\\Program Files (x86)\\nodejs\\\\node.exe" "C:\\Program Files (x86)\\nodejs\\node_modules\\npm\\bin\\npm-cli.js" "install" "-g" "@angular/cli"
70 error node v0.12.2
71 error npm  v2.7.4
72 error path C:\Users\jzavala\AppData\Roaming\npm\node_modules\@angular\cli\node_modules\universal-analytics\node_modules\request\README.md
73 error code EPERM
74 error errno -4048
75 error Error: EPERM, unlink 'C:\Users\jzavala\AppData\Roaming\npm\node_modules\@angular\cli\node_modules\universal-analytics\node_modules\request\README.md'
75 error     at Error (native)
75 error  { [Error: EPERM, unlink 'C:\Users\jzavala\AppData\Roaming\npm\node_modules\@angular\cli\node_modules\universal-analytics\node_modules\request\README.md']
75 error   errno: -4048,
75 error   code: 'EPERM',
75 error   path: 'C:\\Users\\jzavala\\AppData\\Roaming\\npm\\node_modules\\@angular\\cli\\node_modules\\universal-analytics\\node_modules\\request\\README.md' }
76 error Please try running this command again as root/Administrator.
77 verbose exit [ -4048, true ]
78 verbose unbuild node_modules\@angular\cli
79 silly gentlyRm C:\Users\jzavala\AppData\Roaming\npm\node_modules\@angular\cli is being purged from base C:\Users\jzavala\AppData\Roaming\npm
80 verbose gentlyRm don't care about contents; nuking C:\Users\jzavala\AppData\Roaming\npm\node_modules\@angular\cli
81 silly vacuum-fs purging C:\Users\jzavala\AppData\Roaming\npm\node_modules\@angular\cli
82 error error rolling back Error: EPERM, unlink 'C:\Users\jzavala\AppData\Roaming\npm\node_modules\@angular\cli\node_modules\pacote\node_modules\mkdirp\package.json'
82 error error rolling back     at Error (native)
82 error error rolling back  { [Error: EPERM, unlink 'C:\Users\jzavala\AppData\Roaming\npm\node_modules\@angular\cli\node_modules\pacote\node_modules\mkdirp\package.json']
82 error error rolling back   errno: -4048,
82 error error rolling back   code: 'EPERM',
82 error error rolling back   path: 'C:\\Users\\jzavala\\AppData\\Roaming\\npm\\node_modules\\@angular\\cli\\node_modules\\pacote\\node_modules\\mkdirp\\package.json' }
